<?xml version="1.0" encoding="UTF-8" ?>
<testsuite failures="0" time="0.019" errors="0" skipped="0" tests="1" name="cn.edu.ustc.spider.AppTest">
  <properties>
    <property name="java.runtime.name" value="Java(TM) SE Runtime Environment"/>
    <property name="sun.boot.library.path" value="C:\Program Files\Java\jdk1.7.0_40\jre\bin"/>
    <property name="java.vm.version" value="24.0-b56"/>
    <property name="java.vm.vendor" value="Oracle Corporation"/>
    <property name="java.vendor.url" value="http://java.oracle.com/"/>
    <property name="path.separator" value=";"/>
    <property name="java.vm.name" value="Java HotSpot(TM) Client VM"/>
    <property name="file.encoding.pkg" value="sun.io"/>
    <property name="user.script" value=""/>
    <property name="user.country" value="CN"/>
    <property name="sun.java.launcher" value="SUN_STANDARD"/>
    <property name="sun.os.patch.level" value="Service Pack 1"/>
    <property name="java.vm.specification.name" value="Java Virtual Machine Specification"/>
    <property name="user.dir" value="D:\Repository\iJob\iJob\spider"/>
    <property name="java.runtime.version" value="1.7.0_40-b43"/>
    <property name="java.awt.graphicsenv" value="sun.awt.Win32GraphicsEnvironment"/>
    <property name="basedir" value="D:\Repository\iJob\iJob\spider"/>
    <property name="java.endorsed.dirs" value="C:\Program Files\Java\jdk1.7.0_40\jre\lib\endorsed"/>
    <property name="os.arch" value="x86"/>
    <property name="surefire.real.class.path" value="D:\Repository\iJob\iJob\spider\target\surefire\surefirebooter6359518687332784072.jar"/>
    <property name="java.io.tmpdir" value="C:\Users\muduo\AppData\Local\Temp\"/>
    <property name="line.separator" value="
"/>
    <property name="java.vm.specification.vendor" value="Oracle Corporation"/>
    <property name="user.variant" value=""/>
    <property name="os.name" value="Windows 7"/>
    <property name="sun.jnu.encoding" value="GBK"/>
    <property name="java.library.path" value="C:\Program Files\Java\jdk1.7.0_40\jre\bin;C:\Windows\Sun\Java\bin;C:\Windows\system32;C:\Windows;D:/Program_Files/MyEclipse/Common/binary/com.sun.java.jdk.win32.x86_1.6.0.013/jre/bin/client;D:/Program_Files/MyEclipse/Common/binary/com.sun.java.jdk.win32.x86_1.6.0.013/jre/bin;D:/Program_Files/MyEclipse/Common/binary/com.sun.java.jdk.win32.x86_1.6.0.013/jre/lib/i386;D:\Program Files\MySQL\MySQL Server 5.6\bin;D:\Program Files\Python33\;D:\Program Files\Python33\Scripts;D:\Program Files\nodejs;D:\Program Files\mongodb-win32-i386-2.4.6\bin;D:\Program Files\Oracle\odac_client\;D:\jboss-as-7.1.1.Final\bin;D:\Program Files\apache-maven-3.1.0\bin;C:\Program Files\Java\jdk1.7.0_40\bin;C:\Program Files\Broadcom\Broadcom 802.11 Network Adapter;;D:\Program Files\Microsoft Visual Studio 10.0\Common7\IDE;D:\Program Files\Microsoft Visual Studio 10.0\VC\bin;C:\Windows\system32;C:\Windows;C:\Windows\System32\Wbem;C:\Windows\System32\WindowsPowerShell\v1.0\;C:\Program Files\Microsoft SQL Server\100\Tools\Binn\;C:\Program Files\Microsoft SQL Server\100\DTS\Binn\;D:\Program Files\nodejs\;D:\Program Files\MySQL\MySQL Enterprise Backup 3.9.0\;D:\Program Files\MySQL\MySQL Utilities 1.3.5\;C:\Users\muduo\AppData\Roaming\Python\Scripts;C:\Program Files\OpenVPN\bin;C:\Users\muduo\AppData\Roaming\npm;."/>
    <property name="surefire.test.class.path" value="D:\Repository\iJob\iJob\spider\target\test-classes;D:\Repository\iJob\iJob\spider\target\classes;D:\marven_repo\junit\junit\3.8.1\junit-3.8.1.jar;D:\marven_repo\dom4j\dom4j\1.6.1\dom4j-1.6.1.jar;D:\marven_repo\xml-apis\xml-apis\1.0.b2\xml-apis-1.0.b2.jar;D:\marven_repo\jaxen\jaxen\1.1-beta-6\jaxen-1.1-beta-6.jar;D:\marven_repo\jdom\jdom\1.0\jdom-1.0.jar;D:\marven_repo\xerces\xmlParserAPIs\2.6.2\xmlParserAPIs-2.6.2.jar;D:\marven_repo\xerces\xercesImpl\2.6.2\xercesImpl-2.6.2.jar;D:\marven_repo\xom\xom\1.0b3\xom-1.0b3.jar;D:\marven_repo\com\ibm\icu\icu4j\2.6.1\icu4j-2.6.1.jar;D:\marven_repo\xalan\xalan\2.6.0\xalan-2.6.0.jar;D:\marven_repo\org\ccil\cowan\tagsoup\tagsoup\0.9.7\tagsoup-0.9.7.jar;D:\marven_repo\log4j\log4j\1.2.8\log4j-1.2.8.jar;D:\marven_repo\org\jsoup\jsoup\1.7.3\jsoup-1.7.3.jar;D:\marven_repo\org\mongodb\mongo-java-driver\2.4\mongo-java-driver-2.4.jar;D:\marven_repo\cn\edu\ustc\common\0.0.1-SNAPSHOT\common-0.0.1-SNAPSHOT.jar;"/>
    <property name="java.specification.name" value="Java Platform API Specification"/>
    <property name="java.class.version" value="51.0"/>
    <property name="sun.management.compiler" value="HotSpot Client Compiler"/>
    <property name="os.version" value="6.1"/>
    <property name="user.home" value="C:\Users\muduo"/>
    <property name="user.timezone" value=""/>
    <property name="java.awt.printerjob" value="sun.awt.windows.WPrinterJob"/>
    <property name="java.specification.version" value="1.7"/>
    <property name="file.encoding" value="GBK"/>
    <property name="user.name" value="muduo"/>
    <property name="java.class.path" value="D:\Repository\iJob\iJob\spider\target\test-classes;D:\Repository\iJob\iJob\spider\target\classes;D:\marven_repo\junit\junit\3.8.1\junit-3.8.1.jar;D:\marven_repo\dom4j\dom4j\1.6.1\dom4j-1.6.1.jar;D:\marven_repo\xml-apis\xml-apis\1.0.b2\xml-apis-1.0.b2.jar;D:\marven_repo\jaxen\jaxen\1.1-beta-6\jaxen-1.1-beta-6.jar;D:\marven_repo\jdom\jdom\1.0\jdom-1.0.jar;D:\marven_repo\xerces\xmlParserAPIs\2.6.2\xmlParserAPIs-2.6.2.jar;D:\marven_repo\xerces\xercesImpl\2.6.2\xercesImpl-2.6.2.jar;D:\marven_repo\xom\xom\1.0b3\xom-1.0b3.jar;D:\marven_repo\com\ibm\icu\icu4j\2.6.1\icu4j-2.6.1.jar;D:\marven_repo\xalan\xalan\2.6.0\xalan-2.6.0.jar;D:\marven_repo\org\ccil\cowan\tagsoup\tagsoup\0.9.7\tagsoup-0.9.7.jar;D:\marven_repo\log4j\log4j\1.2.8\log4j-1.2.8.jar;D:\marven_repo\org\jsoup\jsoup\1.7.3\jsoup-1.7.3.jar;D:\marven_repo\org\mongodb\mongo-java-driver\2.4\mongo-java-driver-2.4.jar;D:\marven_repo\cn\edu\ustc\common\0.0.1-SNAPSHOT\common-0.0.1-SNAPSHOT.jar;"/>
    <property name="java.vm.specification.version" value="1.7"/>
    <property name="sun.arch.data.model" value="32"/>
    <property name="java.home" value="C:\Program Files\Java\jdk1.7.0_40\jre"/>
    <property name="sun.java.command" value="D:\Repository\iJob\iJob\spider\target\surefire\surefirebooter6359518687332784072.jar D:\Repository\iJob\iJob\spider\target\surefire\surefire7186033079999962935tmp D:\Repository\iJob\iJob\spider\target\surefire\surefire3218645863166496333tmp"/>
    <property name="java.specification.vendor" value="Oracle Corporation"/>
    <property name="user.language" value="zh"/>
    <property name="awt.toolkit" value="sun.awt.windows.WToolkit"/>
    <property name="java.vm.info" value="mixed mode, sharing"/>
    <property name="java.version" value="1.7.0_40"/>
    <property name="java.ext.dirs" value="C:\Program Files\Java\jdk1.7.0_40\jre\lib\ext;C:\Windows\Sun\Java\lib\ext"/>
    <property name="sun.boot.class.path" value="C:\Program Files\Java\jdk1.7.0_40\jre\lib\resources.jar;C:\Program Files\Java\jdk1.7.0_40\jre\lib\rt.jar;C:\Program Files\Java\jdk1.7.0_40\jre\lib\sunrsasign.jar;C:\Program Files\Java\jdk1.7.0_40\jre\lib\jsse.jar;C:\Program Files\Java\jdk1.7.0_40\jre\lib\jce.jar;C:\Program Files\Java\jdk1.7.0_40\jre\lib\charsets.jar;C:\Program Files\Java\jdk1.7.0_40\jre\lib\jfr.jar;C:\Program Files\Java\jdk1.7.0_40\jre\classes"/>
    <property name="java.vendor" value="Oracle Corporation"/>
    <property name="localRepository" value="D:\marven_repo"/>
    <property name="file.separator" value="\"/>
    <property name="java.vendor.url.bug" value="http://bugreport.sun.com/bugreport/"/>
    <property name="sun.cpu.endian" value="little"/>
    <property name="sun.io.unicode.encoding" value="UnicodeLittle"/>
    <property name="sun.desktop" value="windows"/>
    <property name="sun.cpu.isalist" value="pentium_pro+mmx pentium_pro pentium+mmx pentium i486 i386 i86"/>
  </properties>
  <testcase time="0.003" classname="cn.edu.ustc.spider.AppTest" name="testApp"/>
</testsuite>